[0.162s] DEBUG:colcon:Command line arguments: ['/usr/bin/colcon', 'build', '--symlink-install', '--packages-select', 'turtle_rainbow']
[0.162s] DEBUG:colcon:Parsed command line arguments: Namespace(allow_overriding=[], ament_cmake_args=None, base_paths=['.'], build_base='build', catkin_cmake_args=None, catkin_skip_building_tests=False, cmake_args=None, cmake_clean_cache=False, cmake_clean_first=False, cmake_force_configure=False, cmake_target=None, cmake_target_skip_unavailable=False, continue_on_error=False, event_handlers=None, executor='parallel', ignore_user_meta=False, install_base='install', log_base=None, log_level=None, main=<bound method BuildVerb.main of <colcon_core.verb.build.BuildVerb object at 0x7f7c26d48490>>, merge_install=False, metas=['./colcon.meta'], packages_above=None, packages_above_and_dependencies=None, packages_above_depth=None, packages_end=None, packages_ignore=None, packages_ignore_regex=None, packages_select=['turtle_rainbow'], packages_select_build_failed=False, packages_select_by_dep=None, packages_select_regex=None, packages_select_test_failures=False, packages_skip=None, packages_skip_build_finished=False, packages_skip_by_dep=None, packages_skip_regex=None, packages_skip_test_passed=False, packages_skip_up_to=None, packages_start=None, packages_up_to=None, packages_up_to_regex=None, parallel_workers=16, paths=None, symlink_install=True, test_result_base=None, verb_extension=<colcon_core.verb.build.BuildVerb object at 0x7f7c26d48490>, verb_name='build', verb_parser=<colcon_defaults.argument_parser.defaults.DefaultArgumentsDecorator object at 0x7f7c26d489d0>)
[0.181s] Level 1:colcon.colcon_core.package_discovery:discover_packages(colcon_meta) check parameters
[0.181s] Level 1:colcon.colcon_core.package_discovery:discover_packages(recursive) check parameters
[0.181s] Level 1:colcon.colcon_core.package_discovery:discover_packages(ignore) check parameters
[0.181s] Level 1:colcon.colcon_core.package_discovery:discover_packages(path) check parameters
[0.181s] Level 1:colcon.colcon_core.package_discovery:discover_packages(colcon_meta) discover
[0.181s] Level 1:colcon.colcon_core.package_discovery:discover_packages(recursive) discover
[0.181s] INFO:colcon.colcon_core.package_discovery:Crawling recursively for packages in '/home/l0voj/ros2_ws/src/turtle_rainbow'
[0.181s] Level 1:colcon.colcon_core.package_identification:_identify(.) by extensions ['ignore', 'ignore_ament_install']
[0.181s] Level 1:colcon.colcon_core.package_identification:_identify(.) by extension 'ignore'
[0.181s] Level 1:colcon.colcon_core.package_identification:_identify(.) by extension 'ignore_ament_install'
[0.181s] Level 1:colcon.colcon_core.package_identification:_identify(.) by extensions ['colcon_pkg']
[0.181s] Level 1:colcon.colcon_core.package_identification:_identify(.) by extension 'colcon_pkg'
[0.181s] Level 1:colcon.colcon_core.package_identification:_identify(.) by extensions ['colcon_meta']
[0.181s] Level 1:colcon.colcon_core.package_identification:_identify(.) by extension 'colcon_meta'
[0.181s] Level 1:colcon.colcon_core.package_identification:_identify(.) by extensions ['ros']
[0.181s] Level 1:colcon.colcon_core.package_identification:_identify(.) by extension 'ros'
[0.190s] Level 1:colcon.colcon_core.package_identification:_identify(.) by extensions ['cmake', 'python']
[0.190s] Level 1:colcon.colcon_core.package_identification:_identify(.) by extension 'cmake'
[0.190s] Level 1:colcon.colcon_core.package_identification:_identify(.) by extension 'python'
[0.190s] Level 1:colcon.colcon_core.package_identification:_identify(.) by extensions ['python_setup_py']
[0.190s] Level 1:colcon.colcon_core.package_identification:_identify(.) by extension 'python_setup_py'
[0.190s] Level 1:colcon.colcon_core.package_identification:_identify(build) by extensions ['ignore', 'ignore_ament_install']
[0.190s] Level 1:colcon.colcon_core.package_identification:_identify(build) by extension 'ignore'
[0.190s] Level 1:colcon.colcon_core.package_identification:_identify(build) ignored
[0.190s] Level 1:colcon.colcon_core.package_identification:_identify(install) by extensions ['ignore', 'ignore_ament_install']
[0.190s] Level 1:colcon.colcon_core.package_identification:_identify(install) by extension 'ignore'
[0.190s] Level 1:colcon.colcon_core.package_identification:_identify(install) ignored
[0.190s] Level 1:colcon.colcon_core.package_identification:_identify(log) by extensions ['ignore', 'ignore_ament_install']
[0.190s] Level 1:colcon.colcon_core.package_identification:_identify(log) by extension 'ignore'
[0.190s] Level 1:colcon.colcon_core.package_identification:_identify(log) ignored
[0.190s] Level 1:colcon.colcon_core.package_identification:_identify(turtle_rainbow) by extensions ['ignore', 'ignore_ament_install']
[0.191s] Level 1:colcon.colcon_core.package_identification:_identify(turtle_rainbow) by extension 'ignore'
[0.191s] Level 1:colcon.colcon_core.package_identification:_identify(turtle_rainbow) by extension 'ignore_ament_install'
[0.191s] Level 1:colcon.colcon_core.package_identification:_identify(turtle_rainbow) by extensions ['colcon_pkg']
[0.191s] Level 1:colcon.colcon_core.package_identification:_identify(turtle_rainbow) by extension 'colcon_pkg'
[0.191s] Level 1:colcon.colcon_core.package_identification:_identify(turtle_rainbow) by extensions ['colcon_meta']
[0.191s] Level 1:colcon.colcon_core.package_identification:_identify(turtle_rainbow) by extension 'colcon_meta'
[0.191s] Level 1:colcon.colcon_core.package_identification:_identify(turtle_rainbow) by extensions ['ros']
[0.191s] Level 1:colcon.colcon_core.package_identification:_identify(turtle_rainbow) by extension 'ros'
[0.193s] DEBUG:colcon.colcon_core.package_identification:Package 'turtle_rainbow' with type 'ros.ament_python' and name 'turtle_rainbow'
[0.193s] Level 1:colcon.colcon_core.package_discovery:discover_packages(recursive) using defaults
[0.193s] Level 1:colcon.colcon_core.package_discovery:discover_packages(ignore) discover
[0.193s] Level 1:colcon.colcon_core.package_discovery:discover_packages(ignore) using defaults
[0.193s] Level 1:colcon.colcon_core.package_discovery:discover_packages(path) discover
[0.193s] Level 1:colcon.colcon_core.package_discovery:discover_packages(path) using defaults
[0.214s] Level 1:colcon.colcon_core.package_discovery:discover_packages(prefix_path) check parameters
[0.215s] Level 1:colcon.colcon_core.package_discovery:discover_packages(prefix_path) discover
[0.217s] DEBUG:colcon.colcon_installed_package_information.package_discovery:Found 1 installed packages in /home/l0voj/ros2_ws/src/turtle_rainbow/install
[0.217s] DEBUG:colcon.colcon_installed_package_information.package_discovery:Found 8 installed packages in /home/l0voj/ros2_ws/install
[0.219s] DEBUG:colcon.colcon_installed_package_information.package_discovery:Found 276 installed packages in /opt/ros/foxy
[0.220s] Level 1:colcon.colcon_core.package_discovery:discover_packages(prefix_path) using defaults
[0.274s] Level 5:colcon.colcon_core.verb:set package 'turtle_rainbow' build argument 'cmake_args' from command line to 'None'
[0.274s] Level 5:colcon.colcon_core.verb:set package 'turtle_rainbow' build argument 'cmake_target' from command line to 'None'
[0.274s] Level 5:colcon.colcon_core.verb:set package 'turtle_rainbow' build argument 'cmake_target_skip_unavailable' from command line to 'False'
[0.274s] Level 5:colcon.colcon_core.verb:set package 'turtle_rainbow' build argument 'cmake_clean_cache' from command line to 'False'
[0.274s] Level 5:colcon.colcon_core.verb:set package 'turtle_rainbow' build argument 'cmake_clean_first' from command line to 'False'
[0.274s] Level 5:colcon.colcon_core.verb:set package 'turtle_rainbow' build argument 'cmake_force_configure' from command line to 'False'
[0.274s] Level 5:colcon.colcon_core.verb:set package 'turtle_rainbow' build argument 'ament_cmake_args' from command line to 'None'
[0.274s] Level 5:colcon.colcon_core.verb:set package 'turtle_rainbow' build argument 'catkin_cmake_args' from command line to 'None'
[0.274s] Level 5:colcon.colcon_core.verb:set package 'turtle_rainbow' build argument 'catkin_skip_building_tests' from command line to 'False'
[0.274s] DEBUG:colcon.colcon_core.verb:Building package 'turtle_rainbow' with the following arguments: {'ament_cmake_args': None, 'build_base': '/home/l0voj/ros2_ws/src/turtle_rainbow/build/turtle_rainbow', 'catkin_cmake_args': None, 'catkin_skip_building_tests': False, 'cmake_args': None, 'cmake_clean_cache': False, 'cmake_clean_first': False, 'cmake_force_configure': False, 'cmake_target': None, 'cmake_target_skip_unavailable': False, 'install_base': '/home/l0voj/ros2_ws/src/turtle_rainbow/install/turtle_rainbow', 'merge_install': False, 'path': '/home/l0voj/ros2_ws/src/turtle_rainbow/turtle_rainbow', 'symlink_install': True, 'test_result_base': None}
[0.275s] INFO:colcon.colcon_core.executor:Executing jobs using 'parallel' executor
[0.278s] DEBUG:colcon.colcon_parallel_executor.executor.parallel:run_until_complete
[0.278s] INFO:colcon.colcon_ros.task.ament_python.build:Building ROS package in '/home/l0voj/ros2_ws/src/turtle_rainbow/turtle_rainbow' with build type 'ament_python'
[0.278s] Level 1:colcon.colcon_core.shell:create_environment_hook('turtle_rainbow', 'ament_prefix_path')
[0.282s] INFO:colcon.colcon_core.plugin_system:Skipping extension 'colcon_core.shell.bat': Not used on non-Windows systems
[0.283s] INFO:colcon.colcon_core.shell:Creating environment hook '/home/l0voj/ros2_ws/src/turtle_rainbow/install/turtle_rainbow/share/turtle_rainbow/hook/ament_prefix_path.ps1'
[0.283s] INFO:colcon.colcon_core.shell:Creating environment descriptor '/home/l0voj/ros2_ws/src/turtle_rainbow/install/turtle_rainbow/share/turtle_rainbow/hook/ament_prefix_path.dsv'
[0.283s] INFO:colcon.colcon_core.shell:Creating environment hook '/home/l0voj/ros2_ws/src/turtle_rainbow/install/turtle_rainbow/share/turtle_rainbow/hook/ament_prefix_path.sh'
[0.285s] INFO:colcon.colcon_core.shell:Skip shell extension 'powershell' for command environment: Not usable outside of PowerShell
[0.285s] DEBUG:colcon.colcon_core.shell:Skip shell extension 'dsv' for command environment
[0.454s] INFO:colcon.colcon_core.task.python.build:Building Python package in '/home/l0voj/ros2_ws/src/turtle_rainbow/turtle_rainbow'
[0.455s] INFO:colcon.colcon_core.shell:Skip shell extension 'powershell' for command environment: Not usable outside of PowerShell
[0.455s] DEBUG:colcon.colcon_core.shell:Skip shell extension 'dsv' for command environment
[0.759s] DEBUG:colcon.colcon_core.event_handler.log_command:Invoking command in '/home/l0voj/ros2_ws/src/turtle_rainbow/build/turtle_rainbow': PYTHONPATH=/home/l0voj/ros2_ws/src/turtle_rainbow/install/turtle_rainbow/lib/python3.8/site-packages:${PYTHONPATH} /usr/bin/python3 setup.py develop --prefix /home/l0voj/ros2_ws/src/turtle_rainbow/install/turtle_rainbow --editable --build-directory /home/l0voj/ros2_ws/src/turtle_rainbow/build/turtle_rainbow/build --no-deps install_data --install-dir /home/l0voj/ros2_ws/src/turtle_rainbow/install/turtle_rainbow
[1.097s] Level 1:colcon.colcon_core.shell:create_environment_hook('turtle_rainbow', 'pythonpath_develop')
[1.098s] INFO:colcon.colcon_core.shell:Creating environment hook '/home/l0voj/ros2_ws/src/turtle_rainbow/build/turtle_rainbow/share/turtle_rainbow/hook/pythonpath_develop.ps1'
[1.099s] DEBUG:colcon.colcon_core.event_handler.log_command:Invoked command in '/home/l0voj/ros2_ws/src/turtle_rainbow/build/turtle_rainbow' returned '0': PYTHONPATH=/home/l0voj/ros2_ws/src/turtle_rainbow/install/turtle_rainbow/lib/python3.8/site-packages:${PYTHONPATH} /usr/bin/python3 setup.py develop --prefix /home/l0voj/ros2_ws/src/turtle_rainbow/install/turtle_rainbow --editable --build-directory /home/l0voj/ros2_ws/src/turtle_rainbow/build/turtle_rainbow/build --no-deps install_data --install-dir /home/l0voj/ros2_ws/src/turtle_rainbow/install/turtle_rainbow
[1.099s] INFO:colcon.colcon_core.shell:Creating environment descriptor '/home/l0voj/ros2_ws/src/turtle_rainbow/build/turtle_rainbow/share/turtle_rainbow/hook/pythonpath_develop.dsv'
[1.099s] INFO:colcon.colcon_core.shell:Creating environment hook '/home/l0voj/ros2_ws/src/turtle_rainbow/build/turtle_rainbow/share/turtle_rainbow/hook/pythonpath_develop.sh'
[1.104s] Level 1:colcon.colcon_core.environment:checking '/home/l0voj/ros2_ws/src/turtle_rainbow/install/turtle_rainbow' for CMake module files
[1.104s] Level 1:colcon.colcon_core.environment:checking '/home/l0voj/ros2_ws/src/turtle_rainbow/install/turtle_rainbow' for CMake config files
[1.104s] Level 1:colcon.colcon_core.environment:checking '/home/l0voj/ros2_ws/src/turtle_rainbow/install/turtle_rainbow/lib'
[1.104s] Level 1:colcon.colcon_core.environment:checking '/home/l0voj/ros2_ws/src/turtle_rainbow/install/turtle_rainbow/bin'
[1.104s] Level 1:colcon.colcon_core.environment:checking '/home/l0voj/ros2_ws/src/turtle_rainbow/install/turtle_rainbow/lib/pkgconfig/turtle_rainbow.pc'
[1.105s] Level 1:colcon.colcon_core.environment:checking '/home/l0voj/ros2_ws/src/turtle_rainbow/install/turtle_rainbow/lib/python3.8/site-packages'
[1.105s] Level 1:colcon.colcon_core.shell:create_environment_hook('turtle_rainbow', 'pythonpath')
[1.106s] INFO:colcon.colcon_core.shell:Creating environment hook '/home/l0voj/ros2_ws/src/turtle_rainbow/install/turtle_rainbow/share/turtle_rainbow/hook/pythonpath.ps1'
[1.106s] INFO:colcon.colcon_core.shell:Creating environment descriptor '/home/l0voj/ros2_ws/src/turtle_rainbow/install/turtle_rainbow/share/turtle_rainbow/hook/pythonpath.dsv'
[1.106s] INFO:colcon.colcon_core.shell:Creating environment hook '/home/l0voj/ros2_ws/src/turtle_rainbow/install/turtle_rainbow/share/turtle_rainbow/hook/pythonpath.sh'
[1.106s] Level 1:colcon.colcon_core.environment:checking '/home/l0voj/ros2_ws/src/turtle_rainbow/install/turtle_rainbow/bin'
[1.106s] Level 1:colcon.colcon_core.environment:create_environment_scripts_only(turtle_rainbow)
[1.108s] INFO:colcon.colcon_core.shell:Creating package script '/home/l0voj/ros2_ws/src/turtle_rainbow/install/turtle_rainbow/share/turtle_rainbow/package.ps1'
[1.108s] INFO:colcon.colcon_core.shell:Creating package descriptor '/home/l0voj/ros2_ws/src/turtle_rainbow/install/turtle_rainbow/share/turtle_rainbow/package.dsv'
[1.109s] INFO:colcon.colcon_core.shell:Creating package script '/home/l0voj/ros2_ws/src/turtle_rainbow/install/turtle_rainbow/share/turtle_rainbow/package.sh'
[1.109s] INFO:colcon.colcon_core.shell:Creating package script '/home/l0voj/ros2_ws/src/turtle_rainbow/install/turtle_rainbow/share/turtle_rainbow/package.bash'
[1.110s] INFO:colcon.colcon_core.shell:Creating package script '/home/l0voj/ros2_ws/src/turtle_rainbow/install/turtle_rainbow/share/turtle_rainbow/package.zsh'
[1.110s] Level 1:colcon.colcon_core.environment:create_file_with_runtime_dependencies(/home/l0voj/ros2_ws/src/turtle_rainbow/install/turtle_rainbow/share/colcon-core/packages/turtle_rainbow)
[1.111s] DEBUG:colcon.colcon_parallel_executor.executor.parallel:closing loop
[1.111s] DEBUG:colcon.colcon_parallel_executor.executor.parallel:loop closed
[1.111s] DEBUG:colcon.colcon_parallel_executor.executor.parallel:run_until_complete finished with '0'
[1.111s] DEBUG:colcon.colcon_core.event_reactor:joining thread
[1.139s] INFO:colcon.colcon_core.plugin_system:Skipping extension 'colcon_notification.desktop_notification.notify_send': Could not find 'notify-send'
[1.139s] INFO:colcon.colcon_core.plugin_system:Skipping extension 'colcon_notification.desktop_notification.terminal_notifier': Not used on non-Darwin systems
[1.139s] INFO:colcon.colcon_core.plugin_system:Skipping extension 'colcon_notification.desktop_notification.win32': Not used on non-Windows systems
[1.139s] INFO:colcon.colcon_notification.desktop_notification:Sending desktop notification using 'notify2'
[1.154s] DEBUG:colcon.colcon_notification.desktop_notification.notify2:Failed to initialize notify2: org.freedesktop.DBus.Error.ServiceUnknown: The name org.freedesktop.Notifications was not provided by any .service files
[1.155s] DEBUG:colcon.colcon_core.event_reactor:joined thread
[1.156s] INFO:colcon.colcon_core.shell:Creating prefix script '/home/l0voj/ros2_ws/src/turtle_rainbow/install/local_setup.ps1'
[1.157s] INFO:colcon.colcon_core.shell:Creating prefix util module '/home/l0voj/ros2_ws/src/turtle_rainbow/install/_local_setup_util_ps1.py'
[1.158s] INFO:colcon.colcon_core.shell:Creating prefix chain script '/home/l0voj/ros2_ws/src/turtle_rainbow/install/setup.ps1'
[1.159s] INFO:colcon.colcon_core.shell:Creating prefix script '/home/l0voj/ros2_ws/src/turtle_rainbow/install/local_setup.sh'
[1.159s] INFO:colcon.colcon_core.shell:Creating prefix util module '/home/l0voj/ros2_ws/src/turtle_rainbow/install/_local_setup_util_sh.py'
[1.160s] INFO:colcon.colcon_core.shell:Creating prefix chain script '/home/l0voj/ros2_ws/src/turtle_rainbow/install/setup.sh'
[1.161s] INFO:colcon.colcon_core.shell:Creating prefix script '/home/l0voj/ros2_ws/src/turtle_rainbow/install/local_setup.bash'
[1.161s] INFO:colcon.colcon_core.shell:Creating prefix chain script '/home/l0voj/ros2_ws/src/turtle_rainbow/install/setup.bash'
[1.162s] INFO:colcon.colcon_core.shell:Creating prefix script '/home/l0voj/ros2_ws/src/turtle_rainbow/install/local_setup.zsh'
[1.162s] INFO:colcon.colcon_core.shell:Creating prefix chain script '/home/l0voj/ros2_ws/src/turtle_rainbow/install/setup.zsh'
